
=== Thu Aug 20 13:29:16 2020

Packages were changed.
Update Mode: mergeDefaultDependencies

The following packages were added:
  com.unity.collab-proxy@1.2.16
  com.unity.ide.rider@1.1.4
  com.unity.ide.vscode@1.2.1
  com.unity.modules.ai@1.0.0
  com.unity.modules.androidjni@1.0.0
  com.unity.modules.animation@1.0.0
  com.unity.modules.assetbundle@1.0.0
  com.unity.modules.audio@1.0.0
  com.unity.modules.cloth@1.0.0
  com.unity.modules.director@1.0.0
  com.unity.modules.imageconversion@1.0.0
  com.unity.modules.imgui@1.0.0
  com.unity.modules.jsonserialize@1.0.0
  com.unity.modules.particlesystem@1.0.0
  com.unity.modules.physics@1.0.0
  com.unity.modules.physics2d@1.0.0
  com.unity.modules.screencapture@1.0.0
  com.unity.modules.terrain@1.0.0
  com.unity.modules.terrainphysics@1.0.0
  com.unity.modules.tilemap@1.0.0
  com.unity.modules.ui@1.0.0
  com.unity.modules.uielements@1.0.0
  com.unity.modules.umbra@1.0.0
  com.unity.modules.unityanalytics@1.0.0
  com.unity.modules.unitywebrequest@1.0.0
  com.unity.modules.unitywebrequestassetbundle@1.0.0
  com.unity.modules.unitywebrequestaudio@1.0.0
  com.unity.modules.unitywebrequesttexture@1.0.0
  com.unity.modules.unitywebrequestwww@1.0.0
  com.unity.modules.vehicles@1.0.0
  com.unity.modules.video@1.0.0
  com.unity.modules.vr@1.0.0
  com.unity.modules.wind@1.0.0
  com.unity.modules.xr@1.0.0
  com.unity.test-framework@1.1.14
  com.unity.textmeshpro@2.0.1
  com.unity.timeline@1.2.15
  com.unity.ugui@1.0.0

=== Wed Sep  2 16:23:49 2020

Packages were changed.
Update Mode: resetToDefaultDependencies

The following packages were added:
  com.unity.collab-proxy@1.2.16
  com.unity.ide.rider@1.1.4
  com.unity.ide.vscode@1.2.1
  com.unity.modules.ai@1.0.0
  com.unity.modules.androidjni@1.0.0
  com.unity.modules.animation@1.0.0
  com.unity.modules.assetbundle@1.0.0
  com.unity.modules.audio@1.0.0
  com.unity.modules.cloth@1.0.0
  com.unity.modules.director@1.0.0
  com.unity.modules.imageconversion@1.0.0
  com.unity.modules.imgui@1.0.0
  com.unity.modules.jsonserialize@1.0.0
  com.unity.modules.particlesystem@1.0.0
  com.unity.modules.physics@1.0.0
  com.unity.modules.physics2d@1.0.0
  com.unity.modules.screencapture@1.0.0
  com.unity.modules.terrain@1.0.0
  com.unity.modules.terrainphysics@1.0.0
  com.unity.modules.tilemap@1.0.0
  com.unity.modules.ui@1.0.0
  com.unity.modules.uielements@1.0.0
  com.unity.modules.umbra@1.0.0
  com.unity.modules.unityanalytics@1.0.0
  com.unity.modules.unitywebrequest@1.0.0
  com.unity.modules.unitywebrequestassetbundle@1.0.0
  com.unity.modules.unitywebrequestaudio@1.0.0
  com.unity.modules.unitywebrequesttexture@1.0.0
  com.unity.modules.unitywebrequestwww@1.0.0
  com.unity.modules.vehicles@1.0.0
  com.unity.modules.video@1.0.0
  com.unity.modules.vr@1.0.0
  com.unity.modules.wind@1.0.0
  com.unity.modules.xr@1.0.0
  com.unity.test-framework@1.1.14
  com.unity.textmeshpro@2.0.1
  com.unity.timeline@1.2.15
  com.unity.ugui@1.0.0

=== Sat Sep  5 14:25:42 2020

Packages were changed.
Update Mode: updateDependencies

The following packages were added:
  com.unity.ide.visualstudio@2.0.2
The following packages were updated:
  com.unity.collab-proxy from version 1.2.16 to 1.3.8
  com.unity.ide.rider from version 1.1.4 to 1.2.1
  com.unity.test-framework from version 1.1.14 to 1.1.16
  com.unity.textmeshpro from version 2.0.1 to 3.0.1

=== Sat Sep  5 17:44:43 2020

Packages were changed.
Update Mode: updateDependencies

The following packages were updated:
  com.unity.collab-proxy from version 1.3.8 to 1.3.9

=== Thu Oct 15 18:10:10 2020

Packages were changed.
Update Mode: updateDependencies

The following packages were updated:
  com.unity.ide.vscode from version 1.2.1 to 1.2.2

=== Mon Nov  2 10:15:35 2020

Packages were changed.
Update Mode: updateDependencies

The following packages were updated:
  com.unity.ide.visualstudio from version 2.0.2 to 2.0.3
  com.unity.test-framework from version 1.1.16 to 1.1.18

=== Tue Nov 17 17:05:21 2020

Packages were changed.
Update Mode: updateDependencies

The following packages were updated:
  com.unity.ide.vscode from version 1.2.2 to 1.2.3

=== Fri Feb 12 09:16:07 2021

Packages were changed.
Update Mode: updateDependencies

The following packages were updated:
  com.unity.ide.rider from version 1.2.1 to 2.0.7
  com.unity.ide.visualstudio from version 2.0.3 to 2.0.5
  com.unity.render-pipelines.universal from version 8.2.0 to 10.2.2
  com.unity.test-framework from version 1.1.18 to 1.1.20

=== Sat Mar 27 23:34:49 2021

Packages were changed.
Update Mode: updateDependencies

The following packages were updated:
  com.unity.ide.rider from version 2.0.7 to 3.0.5
  com.unity.ide.visualstudio from version 2.0.5 to 2.0.7
  com.unity.postprocessing from version 2.3.0 to 3.1.0
  com.unity.render-pipelines.universal from version 10.2.2 to 11.0.0
  com.unity.test-framework from version 1.1.20 to 1.1.22
  com.unity.textmeshpro from version 3.0.1 to 3.0.4
  com.unity.timeline from version 1.2.15 to 1.5.2

=== Thu Apr 15 09:43:16 2021

Packages were changed.
Update Mode: updateDependencies

The following packages were updated:
  com.unity.test-framework from version 1.1.22 to 1.1.24
  com.unity.timeline from version 1.5.2 to 1.5.4

=== Fri May 14 16:00:05 2021

Packages were changed.
Update Mode: updateDependencies

The following packages were updated:
  com.unity.ide.rider from version 3.0.5 to 3.0.6

=== Thu Jun 10 09:37:04 2021

Packages were changed.
Update Mode: updateDependencies

The following packages were updated:
  com.unity.collab-proxy from version 1.3.9 to 1.5.7
  com.unity.ide.visualstudio from version 2.0.7 to 2.0.8
  com.unity.textmeshpro from version 3.0.4 to 3.0.6
  com.unity.timeline from version 1.5.4 to 1.5.5

=== Thu Jul  8 12:12:48 2021

Packages were changed.
Update Mode: updateDependencies

The following packages were updated:
  com.unity.ide.rider from version 3.0.6 to 3.0.7
  com.unity.ide.visualstudio from version 2.0.8 to 2.0.9
  com.unity.test-framework from version 1.1.24 to 1.1.27

=== Sat Aug 28 13:31:40 2021

Packages were changed.
Update Mode: updateDependencies

The following packages were updated:
  com.unity.collab-proxy from version 1.5.7 to 1.7.1
  com.unity.ide.visualstudio from version 2.0.9 to 2.0.11
  com.unity.timeline from version 1.5.5 to 1.5.6

=== Tue Nov 16 23:43:08 2021

Packages were changed.
Update Mode: updateDependencies

The following packages were updated:
  com.unity.collab-proxy from version 1.7.1 to 1.13.5
  com.unity.ide.vscode from version 1.2.3 to 1.2.4
  com.unity.render-pipelines.universal from version 11.0.0 to 12.1.1
  com.unity.test-framework from version 1.1.27 to 1.1.29
  com.unity.timeline from version 1.5.6 to 1.6.2

=== Tue Dec 14 08:06:57 2021

Packages were changed.
Update Mode: updateDependencies

The following packages were updated:
  com.unity.collab-proxy from version 1.13.5 to 1.15.4
  com.unity.ide.visualstudio from version 2.0.11 to 2.0.12
  com.unity.render-pipelines.universal from version 12.1.1 to 12.1.2

=== Wed Mar  9 07:42:10 2022

Packages were changed.
Update Mode: updateDependencies

The following packages were updated:
  com.unity.collab-proxy from version 1.15.4 to 1.15.12
  com.unity.ide.rider from version 3.0.7 to 3.0.12
  com.unity.ide.visualstudio from version 2.0.12 to 2.0.14
  com.unity.ide.vscode from version 1.2.4 to 1.2.5
  com.unity.postprocessing from version 3.1.1 to 3.2.0
  com.unity.render-pipelines.universal from version 12.1.2 to 12.1.5
  com.unity.timeline from version 1.6.2 to 1.6.4

=== Wed May 11 15:16:15 2022

Packages were changed.
Update Mode: updateDependencies

The following packages were updated:
  com.unity.collab-proxy from version 1.15.12 to 1.15.16
  com.unity.ide.rider from version 3.0.12 to 3.0.13
  com.unity.nuget.newtonsoft-json from version 3.0.1 to 3.0.2
  com.unity.postprocessing from version 3.2.0 to 3.2.1
  com.unity.render-pipelines.universal from version 12.1.5 to 13.1.8
  com.unity.test-framework from version 1.1.29 to 1.1.31
  com.unity.timeline from version 1.6.4 to 1.7.1
